Added Component: Designator=P1(JAE_MX34_2.2_12)
Added Component: Designator=P2(JAE_MX34_2.2_5)
Added Pin To Net: NetName=IN Pin=P1-1
Added Pin To Net: NetName=OUT Pin=P1-2
Added Pin To Net: NetName=MX34_3 Pin=P1-3
Added Pin To Net: NetName=MX34_3 Pin=P1-4
Added Pin To Net: NetName=MX34_3 Pin=P1-7
Added Pin To Net: NetName=SWCLK Pin=P1-8
Added Pin To Net: NetName=SWDIO Pin=P1-9
Added Pin To Net: NetName=VCC_3V3 Pin=P1-10
Added Pin To Net: NetName=CAN_H Pin=P2-2
Added Pin To Net: NetName=CAN_L Pin=P2-3
Added Pin To Net: NetName=CAN_L Pin=P2-4
Added Pin To Net: NetName=CAN_H Pin=P2-5
Change Net Name : Old Net Name=MX34_3 New Net Name=MX34_GND
Added Pin To Net: NetName=GND Pin=D2-2
Added Pin To Net: NetName=GND Pin=P1-5
Added Pin To Net: NetName=GND Pin=R3-1
Added Net: Name=GND
Added Pin To Net: NetName=NetD1_1 Pin=D1-1
Added Pin To Net: NetName=NetD1_1 Pin=P1-6
Added Pin To Net: NetName=NetD1_1 Pin=P1-6
Added Net: Name=NetD1_1
Added Member To Class: ClassName=RES Receiver19D Member=Component P1 JAE_MX340_12
Added Member To Class: ClassName=RES Receiver19D Member=Component P2 JAE_MX340_5
Added Room: Name=RES Receiver19D
