Removed Pin From Net: NetName=GND_D Pin=P1-3
Removed Pin From Net: NetName=GND_D Pin=P1-4
Removed Pin From Net: NetName=MX34_1 Pin=P1-5
Removed Pin From Net: NetName=MX34_2 Pin=P1-6
Removed Pin From Net: NetName=VCC_3V3 Pin=P1-9
Removed Pin From Net: NetName=VCC_3V3 Pin=P1-9
Removed Pin From Net: NetName=SWDIO Pin=P1-10
Removed Pin From Net: NetName=SWCLK Pin=P1-11
Removed Pin From Net: NetName=GND_D Pin=P1-12
Removed Pin From Net: NetName=CAN_H Pin=P1-13
Removed Pin From Net: NetName=CAN_L Pin=P1-14
Removed Pin From Net: NetName=CAN_L Pin=P1-15
Removed Pin From Net: NetName=CAN_H Pin=P1-16
Added Pin To Net: NetName=CAN_H Pin=P1-1
Added Pin To Net: NetName=CAN_H Pin=P1-1
Added Pin To Net: NetName=CAN_L Pin=P1-2
Added Pin To Net: NetName=CAN_L Pin=P1-3
Added Pin To Net: NetName=CAN_H Pin=P1-4
Added Pin To Net: NetName=GND_D Pin=P1-5
Added Pin To Net: NetName=GND_D Pin=P1-6
Added Pin To Net: NetName=MX34_2 Pin=P1-11
Added Pin To Net: NetName=MX34_1 Pin=P1-12
Added Pin To Net: NetName=VCC_3V3 Pin=P1-13
Added Pin To Net: NetName=SWDIO Pin=P1-14
Added Pin To Net: NetName=SWCLK Pin=P1-15
Added Pin To Net: NetName=GND_D Pin=P1-16
Added Room: Name=RES Receiver19D
