Removed Pin From Net: NetName=CAN_L Pin=P1-1
Removed Pin From Net: NetName=CAN_L Pin=P1-1
Removed Pin From Net: NetName=CAN_H Pin=P1-2
Removed Pin From Net: NetName=SWCLK Pin=P1-3
Removed Pin From Net: NetName=IN Pin=P1-7
Removed Pin From Net: NetName=GND_D Pin=P1-9
Removed Pin From Net: NetName=GND_D Pin=P1-9
Removed Pin From Net: NetName=CAN_L Pin=P1-10
Removed Pin From Net: NetName=CAN_H Pin=P1-11
Removed Pin From Net: NetName=GND_D Pin=P1-12
Removed Pin From Net: NetName=OUT Pin=P1-13
Change Component Designator: OldDesignator=LED1 NewDesignator=D6
Change Component Designator: OldDesignator=LED2 NewDesignator=D7
Added Pin To Net: NetName=OUT Pin=P1-1
Added Pin To Net: NetName=OUT Pin=P1-1
Added Pin To Net: NetName=CAN_L Pin=P1-2
Added Pin To Net: NetName=CAN_H Pin=P1-3
Added Pin To Net: NetName=SWCLK Pin=P1-7
Added Pin To Net: NetName=IN Pin=P1-9
Added Pin To Net: NetName=IN Pin=P1-9
Added Pin To Net: NetName=GND_D Pin=P1-10
Added Pin To Net: NetName=CAN_L Pin=P1-11
Added Pin To Net: NetName=CAN_H Pin=P1-12
Added Pin To Net: NetName=GND_D Pin=P1-13
Added Room: Name=RES Receiver19D
