Added Component: Designator=C1(C 0805)
Added Component: Designator=C2(C 0805)
Added Component: Designator=C3(C 0805)
Added Component: Designator=C4(C 0805)
Added Component: Designator=C5(C 0805)
Added Component: Designator=C6(C 0805)
Added Component: Designator=C7(C 0805)
Added Component: Designator=C8(CP 3528B)
Added Component: Designator=C10(CP 3528B)
Added Component: Designator=C11(C 0805)
Added Component: Designator=C12(C 0805)
Added Component: Designator=C13(C 0805)
Added Component: Designator=C14(C 0805)
Added Component: Designator=C15(C 0805)
Added Component: Designator=C16(C 0805)
Added Component: Designator=C17(C 0805)
Added Component: Designator=D1(DO-214)
Added Component: Designator=D2(LED_0805)
Added Component: Designator=D3(DO-214)
Added Component: Designator=D4(LED_0805)
Added Component: Designator=D5(LED_0805)
Added Component: Designator=D6(LED_0805)
Added Component: Designator=D7(LED_0805)
Added Component: Designator=J1(WAGO250_5.0_2P)
Added Component: Designator=J2(MOLEX 430450400)
Added Component: Designator=J3(molex 430450600)
Added Component: Designator=K1(Telecom Relay)
Added Component: Designator=K2(KEY 3.6*2.5 SMD)
Added Component: Designator=L1(L 0805)
Added Component: Designator=P1(HDR1X4H)
Added Component: Designator=Q1(SOT23-3)
Added Component: Designator=R1(R 0805)
Added Component: Designator=R2(R 0805)
Added Component: Designator=R3(R 1206)
Added Component: Designator=R4(R 0805)
Added Component: Designator=R5(R 0805)
Added Component: Designator=R6(R 0805)
Added Component: Designator=R7(R 0805)
Added Component: Designator=R8(R 0805)
Added Component: Designator=R9(R 0805)
Added Component: Designator=R10(R 0805)
Added Component: Designator=R11(R 0805)
Added Component: Designator=R12(R 0805)
Added Component: Designator=R13(R 0805)
Added Component: Designator=R14(R 0805)
Added Component: Designator=R15(R 0805)
Added Component: Designator=R16(R 0805)
Added Component: Designator=R17(R 0805)
Added Component: Designator=R18(R 0805)
Added Component: Designator=R19(R 0805)
Added Component: Designator=U1(LQFP48)
Added Component: Designator=U2(DM02)
Added Component: Designator=U3(SOP4)
Added Component: Designator=U4(SOT223)
Added Component: Designator=U5(USART_Module)
Added Component: Designator=U6(SOT23-5)
Added Component: Designator=U7(SOP8)
Added Component: Designator=U8(SOT23-5)
Added Component: Designator=Y1(XTAL-5032)
Added Pin To Net: NetName=ANL_REF Pin=C6-2
Added Pin To Net: NetName=ANL_REF Pin=L1-2
Added Pin To Net: NetName=ANL_REF Pin=U1-9
Added Net: Name=ANL_REF
Added Pin To Net: NetName=AUX Pin=U1-17
Added Pin To Net: NetName=AUX Pin=U5-5
Added Net: Name=AUX
Added Pin To Net: NetName=CAN_H Pin=C13-1
Added Pin To Net: NetName=CAN_H Pin=J2-1
Added Pin To Net: NetName=CAN_H Pin=J2-2
Added Pin To Net: NetName=CAN_H Pin=R13-1
Added Pin To Net: NetName=CAN_H Pin=R14-1
Added Pin To Net: NetName=CAN_H Pin=U7-7
Added Net: Name=CAN_H
Added Pin To Net: NetName=CAN_L Pin=C17-2
Added Pin To Net: NetName=CAN_L Pin=J2-3
Added Pin To Net: NetName=CAN_L Pin=J2-4
Added Pin To Net: NetName=CAN_L Pin=R13-2
Added Pin To Net: NetName=CAN_L Pin=R15-1
Added Pin To Net: NetName=CAN_L Pin=U7-6
Added Net: Name=CAN_L
Added Pin To Net: NetName=CAN_RX Pin=U1-32
Added Pin To Net: NetName=CAN_RX Pin=U7-4
Added Net: Name=CAN_RX
Added Pin To Net: NetName=CAN_TX Pin=U1-33
Added Pin To Net: NetName=CAN_TX Pin=U7-1
Added Net: Name=CAN_TX
Added Pin To Net: NetName=FUNC1 Pin=U1-11
Added Pin To Net: NetName=FUNC1 Pin=U6-2
Added Net: Name=FUNC1
Added Pin To Net: NetName=FUNC2 Pin=U1-12
Added Pin To Net: NetName=FUNC2 Pin=U8-4
Added Net: Name=FUNC2
Added Pin To Net: NetName=GND_D Pin=C1-2
Added Pin To Net: NetName=GND_D Pin=C2-1
Added Pin To Net: NetName=GND_D Pin=C3-1
Added Pin To Net: NetName=GND_D Pin=C4-1
Added Pin To Net: NetName=GND_D Pin=C5-2
Added Pin To Net: NetName=GND_D Pin=C6-1
Added Pin To Net: NetName=GND_D Pin=C7-1
Added Pin To Net: NetName=GND_D Pin=C8-2
Added Pin To Net: NetName=GND_D Pin=C10-2
Added Pin To Net: NetName=GND_D Pin=C11-1
Added Pin To Net: NetName=GND_D Pin=C12-1
Added Pin To Net: NetName=GND_D Pin=C13-2
Added Pin To Net: NetName=GND_D Pin=C14-2
Added Pin To Net: NetName=GND_D Pin=C15-1
Added Pin To Net: NetName=GND_D Pin=C16-1
Added Pin To Net: NetName=GND_D Pin=C17-1
Added Pin To Net: NetName=GND_D Pin=D5-2
Added Pin To Net: NetName=GND_D Pin=J3-3
Added Pin To Net: NetName=GND_D Pin=J3-4
Added Pin To Net: NetName=GND_D Pin=K2-1
Added Pin To Net: NetName=GND_D Pin=P1-4
Added Pin To Net: NetName=GND_D Pin=Q1-2
Added Pin To Net: NetName=GND_D Pin=R1-2
Added Pin To Net: NetName=GND_D Pin=R3-2
Added Pin To Net: NetName=GND_D Pin=R8-1
Added Pin To Net: NetName=GND_D Pin=R9-1
Added Pin To Net: NetName=GND_D Pin=R17-1
Added Pin To Net: NetName=GND_D Pin=U1-8
Added Pin To Net: NetName=GND_D Pin=U1-23
Added Pin To Net: NetName=GND_D Pin=U1-35
Added Pin To Net: NetName=GND_D Pin=U1-47
Added Pin To Net: NetName=GND_D Pin=U2-3
Added Pin To Net: NetName=GND_D Pin=U2-4
Added Pin To Net: NetName=GND_D Pin=U2-5
Added Pin To Net: NetName=GND_D Pin=U2-6
Added Pin To Net: NetName=GND_D Pin=U4-1
Added Pin To Net: NetName=GND_D Pin=U5-7
Added Pin To Net: NetName=GND_D Pin=U5-9
Added Pin To Net: NetName=GND_D Pin=U5-15
Added Pin To Net: NetName=GND_D Pin=U5-16
Added Pin To Net: NetName=GND_D Pin=U5-17
Added Pin To Net: NetName=GND_D Pin=U6-1
Added Pin To Net: NetName=GND_D Pin=U6-3
Added Pin To Net: NetName=GND_D Pin=U7-2
Added Pin To Net: NetName=GND_D Pin=U7-8
Added Pin To Net: NetName=GND_D Pin=U8-1
Added Pin To Net: NetName=GND_D Pin=U8-3
Added Net: Name=GND_D
Added Pin To Net: NetName=GND Pin=D2-2
Added Pin To Net: NetName=GND Pin=J3-2
Added Pin To Net: NetName=GND Pin=R3-1
Added Net: Name=GND
Added Pin To Net: NetName=IN Pin=J3-6
Added Pin To Net: NetName=IN Pin=R18-2
Added Net: Name=IN
Added Pin To Net: NetName=LED1 Pin=D6-2
Added Pin To Net: NetName=LED1 Pin=U1-40
Added Net: Name=LED1
Added Pin To Net: NetName=LED2 Pin=D7-2
Added Pin To Net: NetName=LED2 Pin=U1-41
Added Net: Name=LED2
Added Pin To Net: NetName=M0 Pin=U1-13
Added Pin To Net: NetName=M0 Pin=U5-1
Added Net: Name=M0
Added Pin To Net: NetName=M1 Pin=U1-14
Added Pin To Net: NetName=M1 Pin=U5-2
Added Net: Name=M1
Added Pin To Net: NetName=NetC3_2 Pin=C3-2
Added Pin To Net: NetName=NetC3_2 Pin=U1-5
Added Pin To Net: NetName=NetC3_2 Pin=Y1-1
Added Net: Name=NetC3_2
Added Pin To Net: NetName=NetC4_2 Pin=C4-2
Added Pin To Net: NetName=NetC4_2 Pin=U1-6
Added Pin To Net: NetName=NetC4_2 Pin=Y1-2
Added Net: Name=NetC4_2
Added Pin To Net: NetName=NetC14_1 Pin=C14-1
Added Pin To Net: NetName=NetC14_1 Pin=R18-1
Added Pin To Net: NetName=NetC14_1 Pin=U8-2
Added Net: Name=NetC14_1
Added Pin To Net: NetName=NetC16_2 Pin=C16-2
Added Pin To Net: NetName=NetC16_2 Pin=R14-2
Added Pin To Net: NetName=NetC16_2 Pin=R15-2
Added Pin To Net: NetName=NetC16_2 Pin=U7-5
Added Net: Name=NetC16_2
Added Pin To Net: NetName=NetD1_1 Pin=D1-1
Added Pin To Net: NetName=NetD1_1 Pin=J3-1
Added Net: Name=NetD1_1
Added Pin To Net: NetName=NetD2_1 Pin=D2-1
Added Pin To Net: NetName=NetD2_1 Pin=R2-2
Added Net: Name=NetD2_1
Added Pin To Net: NetName=NetD3_1 Pin=D3-1
Added Pin To Net: NetName=NetD3_1 Pin=D4-2
Added Pin To Net: NetName=NetD3_1 Pin=K1-1
Added Pin To Net: NetName=NetD3_1 Pin=Q1-3
Added Net: Name=NetD3_1
Added Pin To Net: NetName=NetD4_1 Pin=D4-1
Added Pin To Net: NetName=NetD4_1 Pin=R4-2
Added Net: Name=NetD4_1
Added Pin To Net: NetName=NetD5_1 Pin=D5-1
Added Pin To Net: NetName=NetD5_1 Pin=R6-1
Added Net: Name=NetD5_1
Added Pin To Net: NetName=NetD6_1 Pin=D6-1
Added Pin To Net: NetName=NetD6_1 Pin=R11-2
Added Net: Name=NetD6_1
Added Pin To Net: NetName=NetD7_1 Pin=D7-1
Added Pin To Net: NetName=NetD7_1 Pin=R12-2
Added Net: Name=NetD7_1
Added Pin To Net: NetName=NetJ1_1 Pin=J1-1
Added Pin To Net: NetName=NetJ1_1 Pin=K1-3
Added Pin To Net: NetName=NetJ1_1 Pin=K1-6
Added Net: Name=NetJ1_1
Added Pin To Net: NetName=NetJ1_2 Pin=J1-2
Added Pin To Net: NetName=NetJ1_2 Pin=K1-4
Added Pin To Net: NetName=NetJ1_2 Pin=K1-5
Added Net: Name=NetJ1_2
Added Pin To Net: NetName=NetQ1_1 Pin=Q1-1
Added Pin To Net: NetName=NetQ1_1 Pin=R7-1
Added Net: Name=NetQ1_1
Added Pin To Net: NetName=NetR1_1 Pin=R1-1
Added Pin To Net: NetName=NetR1_1 Pin=U1-44
Added Net: Name=NetR1_1
Added Pin To Net: NetName=NetR5_2 Pin=R5-2
Added Pin To Net: NetName=NetR5_2 Pin=U3-1
Added Net: Name=NetR5_2
Added Pin To Net: NetName=NetR7_2 Pin=R7-2
Added Pin To Net: NetName=NetR7_2 Pin=R8-2
Added Pin To Net: NetName=NetR7_2 Pin=U3-3
Added Net: Name=NetR7_2
Added Pin To Net: NetName=NetR9_2 Pin=R9-2
Added Pin To Net: NetName=NetR9_2 Pin=U1-20
Added Net: Name=NetR9_2
Added Pin To Net: NetName=NetR19_1 Pin=R19-1
Added Pin To Net: NetName=NetR19_1 Pin=U6-4
Added Net: Name=NetR19_1
Added Pin To Net: NetName=OUT Pin=J3-5
Added Pin To Net: NetName=OUT Pin=R19-2
Added Net: Name=OUT
Added Pin To Net: NetName=RES Pin=C12-2
Added Pin To Net: NetName=RES Pin=K2-2
Added Pin To Net: NetName=RES Pin=R10-1
Added Pin To Net: NetName=RES Pin=U1-7
Added Net: Name=RES
Added Pin To Net: NetName=SAFETY CIRCLE Pin=U1-45
Added Pin To Net: NetName=SAFETY CIRCLE Pin=U3-2
Added Net: Name=SAFETY CIRCLE
Added Pin To Net: NetName=SWCLK Pin=P1-3
Added Pin To Net: NetName=SWCLK Pin=R17-2
Added Pin To Net: NetName=SWCLK Pin=U1-37
Added Net: Name=SWCLK
Added Pin To Net: NetName=SWDIO Pin=P1-2
Added Pin To Net: NetName=SWDIO Pin=R16-2
Added Pin To Net: NetName=SWDIO Pin=U1-34
Added Net: Name=SWDIO
Added Pin To Net: NetName=USART_RX Pin=U1-31
Added Pin To Net: NetName=USART_RX Pin=U5-4
Added Net: Name=USART_RX
Added Pin To Net: NetName=USART_TX Pin=U1-30
Added Pin To Net: NetName=USART_TX Pin=U5-3
Added Net: Name=USART_TX
Added Pin To Net: NetName=VCC_3V3 Pin=C1-1
Added Pin To Net: NetName=VCC_3V3 Pin=C2-2
Added Pin To Net: NetName=VCC_3V3 Pin=C5-1
Added Pin To Net: NetName=VCC_3V3 Pin=C7-2
Added Pin To Net: NetName=VCC_3V3 Pin=C10-1
Added Pin To Net: NetName=VCC_3V3 Pin=L1-1
Added Pin To Net: NetName=VCC_3V3 Pin=P1-1
Added Pin To Net: NetName=VCC_3V3 Pin=R5-1
Added Pin To Net: NetName=VCC_3V3 Pin=R10-2
Added Pin To Net: NetName=VCC_3V3 Pin=R11-1
Added Pin To Net: NetName=VCC_3V3 Pin=R12-1
Added Pin To Net: NetName=VCC_3V3 Pin=R16-1
Added Pin To Net: NetName=VCC_3V3 Pin=U1-24
Added Pin To Net: NetName=VCC_3V3 Pin=U1-36
Added Pin To Net: NetName=VCC_3V3 Pin=U1-48
Added Pin To Net: NetName=VCC_3V3 Pin=U4-2
Added Pin To Net: NetName=VCC_3V3 Pin=U4-2
Added Pin To Net: NetName=VCC_3V3 Pin=U6-5
Added Pin To Net: NetName=VCC_3V3 Pin=U8-5
Added Net: Name=VCC_3V3
Added Pin To Net: NetName=VCC_5V Pin=C8-1
Added Pin To Net: NetName=VCC_5V Pin=C11-2
Added Pin To Net: NetName=VCC_5V Pin=C15-2
Added Pin To Net: NetName=VCC_5V Pin=D3-2
Added Pin To Net: NetName=VCC_5V Pin=K1-8
Added Pin To Net: NetName=VCC_5V Pin=R4-1
Added Pin To Net: NetName=VCC_5V Pin=R6-2
Added Pin To Net: NetName=VCC_5V Pin=U2-1
Added Pin To Net: NetName=VCC_5V Pin=U2-2
Added Pin To Net: NetName=VCC_5V Pin=U3-4
Added Pin To Net: NetName=VCC_5V Pin=U4-3
Added Pin To Net: NetName=VCC_5V Pin=U5-6
Added Pin To Net: NetName=VCC_5V Pin=U7-3
Added Net: Name=VCC_5V
Added Pin To Net: NetName=VCC_24 Pin=D1-2
Added Pin To Net: NetName=VCC_24 Pin=R2-1
Added Pin To Net: NetName=VCC_24 Pin=U2-7
Added Pin To Net: NetName=VCC_24 Pin=U2-8
Added Net: Name=VCC_24
Added Class: Name=RES Receiver19D
Added Room: Name=RES Receiver19D
