Added Component: Designator=C1(C 0805)
Added Component: Designator=C2(C 0805)
Added Component: Designator=C3(C 0805)
Added Component: Designator=C4(C 0805)
Added Component: Designator=C5(C 0805)
Added Component: Designator=C6(C 0805)
Added Component: Designator=C7(C 0805)
Added Component: Designator=C8(CP 3528B)
Added Component: Designator=C10(CP 3528B)
Added Component: Designator=C11(C 0805)
Added Component: Designator=C12(C 0805)
Added Component: Designator=C13(C 0805)
Added Component: Designator=C14(C 0805)
Added Component: Designator=C15(C 0805)
Added Component: Designator=C16(C 0805)
Added Component: Designator=C17(C 0805)
Added Component: Designator=D1(DO-214)
Added Component: Designator=D2(LED_0805)
Added Component: Designator=D3(DO-214)
Added Component: Designator=D4(LED_0805)
Added Component: Designator=D5(LED_0805)
Added Component: Designator=D6(LED_0805)
Added Component: Designator=D7(LED_0805)
Added Component: Designator=J1(WAGO250_5.0_2P)
Added Component: Designator=K1(Telecom Relay)
Added Component: Designator=K2(KEY 3.6*2.5 SMD)
Added Component: Designator=L1(L 0805)
Added Component: Designator=P1(JAE_MX34_2.2_16)
Added Component: Designator=Q1(SOT23-3)
Added Component: Designator=R1(R 0805)
Added Component: Designator=R2(R 0805)
Added Component: Designator=R3(R 1206)
Added Component: Designator=R4(R 0805)
Added Component: Designator=R5(R 0805)
Added Component: Designator=R6(R 0805)
Added Component: Designator=R7(R 0805)
Added Component: Designator=R8(R 0805)
Added Component: Designator=R9(R 0805)
Added Component: Designator=R10(R 0805)
Added Component: Designator=R11(R 0805)
Added Component: Designator=R12(R 0805)
Added Component: Designator=R13(R 0805)
Added Component: Designator=R14(R 0805)
Added Component: Designator=R15(R 0805)
Added Component: Designator=R16(R 0805)
Added Component: Designator=R17(R 0805)
Added Component: Designator=R18(R 0805)
Added Component: Designator=R19(R 0805)
Added Component: Designator=U1(LQFP48)
Added Component: Designator=U2(DM02)
Added Component: Designator=U3(SOP4)
Added Component: Designator=U4(SOT223)
Added Component: Designator=U5(USART_Module)
Added Component: Designator=U6(SOT23-5)
Added Component: Designator=U7(SOP8)
Added Component: Designator=U8(SOT23-5)
Added Component: Designator=Y1(XTAL-5032)
Added Pin To Net: NetName=VCC_3V3 Pin=C1-1
Added Pin To Net: NetName=GND_D Pin=C1-2
Added Pin To Net: NetName=GND_D Pin=C2-1
Added Pin To Net: NetName=VCC_3V3 Pin=C2-2
Added Pin To Net: NetName=GND_D Pin=C3-1
Added Pin To Net: NetName=NetC3_2 Pin=C3-2
Added Pin To Net: NetName=GND_D Pin=C4-1
Added Pin To Net: NetName=NetC4_2 Pin=C4-2
Added Pin To Net: NetName=VCC_3V3 Pin=C5-1
Added Pin To Net: NetName=GND_D Pin=C5-2
Added Pin To Net: NetName=GND_D Pin=C6-1
Added Pin To Net: NetName=ANL_REF Pin=C6-2
Added Pin To Net: NetName=GND_D Pin=C7-1
Added Pin To Net: NetName=VCC_3V3 Pin=C7-2
Added Pin To Net: NetName=VCC_5V Pin=C8-1
Added Pin To Net: NetName=GND_D Pin=C8-2
Added Pin To Net: NetName=VCC_3V3 Pin=C10-1
Added Pin To Net: NetName=GND_D Pin=C10-2
Added Pin To Net: NetName=GND_D Pin=C11-1
Added Pin To Net: NetName=VCC_5V Pin=C11-2
Added Pin To Net: NetName=GND_D Pin=C12-1
Added Pin To Net: NetName=RES Pin=C12-2
Added Pin To Net: NetName=CAN_H Pin=C13-1
Added Pin To Net: NetName=GND_D Pin=C13-2
Added Pin To Net: NetName=NetC14_1 Pin=C14-1
Added Pin To Net: NetName=GND_D Pin=C14-2
Added Pin To Net: NetName=GND_D Pin=C15-1
Added Pin To Net: NetName=VCC_5V Pin=C15-2
Added Pin To Net: NetName=GND_D Pin=C16-1
Added Pin To Net: NetName=NetC16_2 Pin=C16-2
Added Pin To Net: NetName=GND_D Pin=C17-1
Added Pin To Net: NetName=CAN_L Pin=C17-2
Added Pin To Net: NetName=MX34_1 Pin=D1-1
Added Pin To Net: NetName=VCC_24 Pin=D1-2
Added Pin To Net: NetName=NetD2_1 Pin=D2-1
Added Pin To Net: NetName=MX34_2 Pin=D2-2
Added Pin To Net: NetName=NetD3_1 Pin=D3-1
Added Pin To Net: NetName=VCC_5V Pin=D3-2
Added Pin To Net: NetName=NetD4_1 Pin=D4-1
Added Pin To Net: NetName=NetD3_1 Pin=D4-2
Added Pin To Net: NetName=NetD5_1 Pin=D5-1
Added Pin To Net: NetName=GND_D Pin=D5-2
Added Pin To Net: NetName=NetD6_1 Pin=D6-1
Added Pin To Net: NetName=LED1 Pin=D6-2
Added Pin To Net: NetName=NetD7_1 Pin=D7-1
Added Pin To Net: NetName=LED2 Pin=D7-2
Added Pin To Net: NetName=NetJ1_1 Pin=J1-1
Added Pin To Net: NetName=NetJ1_2 Pin=J1-2
Added Pin To Net: NetName=NetD3_1 Pin=K1-1
Added Pin To Net: NetName=NetJ1_1 Pin=K1-3
Added Pin To Net: NetName=NetJ1_2 Pin=K1-4
Added Pin To Net: NetName=NetJ1_2 Pin=K1-5
Added Pin To Net: NetName=NetJ1_1 Pin=K1-6
Added Pin To Net: NetName=VCC_5V Pin=K1-8
Added Pin To Net: NetName=GND_D Pin=K2-1
Added Pin To Net: NetName=RES Pin=K2-2
Added Pin To Net: NetName=VCC_3V3 Pin=L1-1
Added Pin To Net: NetName=ANL_REF Pin=L1-2
Added Pin To Net: NetName=CAN_L Pin=P1-1
Added Pin To Net: NetName=CAN_L Pin=P1-1
Added Pin To Net: NetName=CAN_H Pin=P1-2
Added Pin To Net: NetName=SWCLK Pin=P1-3
Added Pin To Net: NetName=SWDIO Pin=P1-4
Added Pin To Net: NetName=VCC_3V3 Pin=P1-5
Added Pin To Net: NetName=GND_D Pin=P1-6
Added Pin To Net: NetName=IN Pin=P1-7
Added Pin To Net: NetName=OUT Pin=P1-8
Added Pin To Net: NetName=GND_D Pin=P1-9
Added Pin To Net: NetName=GND_D Pin=P1-9
Added Pin To Net: NetName=CAN_L Pin=P1-10
Added Pin To Net: NetName=CAN_H Pin=P1-11
Added Pin To Net: NetName=MX34_2 Pin=P1-12
Added Pin To Net: NetName=MX34_1 Pin=P1-13
Added Pin To Net: NetName=GND_D Pin=P1-15
Added Pin To Net: NetName=GND_D Pin=P1-16
Added Pin To Net: NetName=NetQ1_1 Pin=Q1-1
Added Pin To Net: NetName=GND_D Pin=Q1-2
Added Pin To Net: NetName=NetD3_1 Pin=Q1-3
Added Pin To Net: NetName=NetR1_1 Pin=R1-1
Added Pin To Net: NetName=GND_D Pin=R1-2
Added Pin To Net: NetName=VCC_24 Pin=R2-1
Added Pin To Net: NetName=NetD2_1 Pin=R2-2
Added Pin To Net: NetName=MX34_2 Pin=R3-1
Added Pin To Net: NetName=GND_D Pin=R3-2
Added Pin To Net: NetName=VCC_5V Pin=R4-1
Added Pin To Net: NetName=NetD4_1 Pin=R4-2
Added Pin To Net: NetName=VCC_3V3 Pin=R5-1
Added Pin To Net: NetName=NetR5_2 Pin=R5-2
Added Pin To Net: NetName=NetD5_1 Pin=R6-1
Added Pin To Net: NetName=VCC_5V Pin=R6-2
Added Pin To Net: NetName=NetQ1_1 Pin=R7-1
Added Pin To Net: NetName=NetR7_2 Pin=R7-2
Added Pin To Net: NetName=GND_D Pin=R8-1
Added Pin To Net: NetName=NetR7_2 Pin=R8-2
Added Pin To Net: NetName=GND_D Pin=R9-1
Added Pin To Net: NetName=NetR9_2 Pin=R9-2
Added Pin To Net: NetName=RES Pin=R10-1
Added Pin To Net: NetName=VCC_3V3 Pin=R10-2
Added Pin To Net: NetName=VCC_3V3 Pin=R11-1
Added Pin To Net: NetName=NetD6_1 Pin=R11-2
Added Pin To Net: NetName=VCC_3V3 Pin=R12-1
Added Pin To Net: NetName=NetD7_1 Pin=R12-2
Added Pin To Net: NetName=CAN_H Pin=R13-1
Added Pin To Net: NetName=CAN_L Pin=R13-2
Added Pin To Net: NetName=CAN_H Pin=R14-1
Added Pin To Net: NetName=NetC16_2 Pin=R14-2
Added Pin To Net: NetName=CAN_L Pin=R15-1
Added Pin To Net: NetName=NetC16_2 Pin=R15-2
Added Pin To Net: NetName=VCC_3V3 Pin=R16-1
Added Pin To Net: NetName=SWDIO Pin=R16-2
Added Pin To Net: NetName=GND_D Pin=R17-1
Added Pin To Net: NetName=SWCLK Pin=R17-2
Added Pin To Net: NetName=NetC14_1 Pin=R18-1
Added Pin To Net: NetName=IN Pin=R18-2
Added Pin To Net: NetName=NetR19_1 Pin=R19-1
Added Pin To Net: NetName=OUT Pin=R19-2
Added Pin To Net: NetName=NetC3_2 Pin=U1-5
Added Pin To Net: NetName=NetC4_2 Pin=U1-6
Added Pin To Net: NetName=RES Pin=U1-7
Added Pin To Net: NetName=GND_D Pin=U1-8
Added Pin To Net: NetName=ANL_REF Pin=U1-9
Added Pin To Net: NetName=FUNC1 Pin=U1-11
Added Pin To Net: NetName=FUNC2 Pin=U1-12
Added Pin To Net: NetName=M1 Pin=U1-14
Added Pin To Net: NetName=AUX Pin=U1-17
Added Pin To Net: NetName=NetR9_2 Pin=U1-20
Added Pin To Net: NetName=GND_D Pin=U1-23
Added Pin To Net: NetName=VCC_3V3 Pin=U1-24
Added Pin To Net: NetName=USART_TX Pin=U1-30
Added Pin To Net: NetName=USART_RX Pin=U1-31
Added Pin To Net: NetName=CAN_RX Pin=U1-32
Added Pin To Net: NetName=CAN_TX Pin=U1-33
Added Pin To Net: NetName=SWDIO Pin=U1-34
Added Pin To Net: NetName=GND_D Pin=U1-35
Added Pin To Net: NetName=VCC_3V3 Pin=U1-36
Added Pin To Net: NetName=SWCLK Pin=U1-37
Added Pin To Net: NetName=LED1 Pin=U1-40
Added Pin To Net: NetName=LED2 Pin=U1-41
Added Pin To Net: NetName=NetR1_1 Pin=U1-44
Added Pin To Net: NetName=SAFETY CIRCLE Pin=U1-45
Added Pin To Net: NetName=GND_D Pin=U1-47
Added Pin To Net: NetName=VCC_3V3 Pin=U1-48
Added Pin To Net: NetName=VCC_5V Pin=U2-1
Added Pin To Net: NetName=VCC_5V Pin=U2-2
Added Pin To Net: NetName=GND_D Pin=U2-3
Added Pin To Net: NetName=GND_D Pin=U2-4
Added Pin To Net: NetName=GND_D Pin=U2-5
Added Pin To Net: NetName=GND_D Pin=U2-6
Added Pin To Net: NetName=VCC_24 Pin=U2-7
Added Pin To Net: NetName=VCC_24 Pin=U2-8
Added Pin To Net: NetName=NetR5_2 Pin=U3-1
Added Pin To Net: NetName=SAFETY CIRCLE Pin=U3-2
Added Pin To Net: NetName=NetR7_2 Pin=U3-3
Added Pin To Net: NetName=VCC_5V Pin=U3-4
Added Pin To Net: NetName=GND_D Pin=U4-1
Added Pin To Net: NetName=VCC_3V3 Pin=U4-2
Added Pin To Net: NetName=VCC_3V3 Pin=U4-2
Added Pin To Net: NetName=VCC_5V Pin=U4-3
Added Pin To Net: NetName=GND_D Pin=U5-1
Added Pin To Net: NetName=M1 Pin=U5-2
Added Pin To Net: NetName=USART_TX Pin=U5-3
Added Pin To Net: NetName=USART_RX Pin=U5-4
Added Pin To Net: NetName=AUX Pin=U5-5
Added Pin To Net: NetName=VCC_5V Pin=U5-6
Added Pin To Net: NetName=GND_D Pin=U5-7
Added Pin To Net: NetName=GND_D Pin=U5-9
Added Pin To Net: NetName=GND_D Pin=U5-15
Added Pin To Net: NetName=GND_D Pin=U5-16
Added Pin To Net: NetName=GND_D Pin=U5-17
Added Pin To Net: NetName=GND_D Pin=U6-1
Added Pin To Net: NetName=FUNC1 Pin=U6-2
Added Pin To Net: NetName=GND_D Pin=U6-3
Added Pin To Net: NetName=NetR19_1 Pin=U6-4
Added Pin To Net: NetName=VCC_3V3 Pin=U6-5
Added Pin To Net: NetName=CAN_TX Pin=U7-1
Added Pin To Net: NetName=GND_D Pin=U7-2
Added Pin To Net: NetName=VCC_5V Pin=U7-3
Added Pin To Net: NetName=CAN_RX Pin=U7-4
Added Pin To Net: NetName=NetC16_2 Pin=U7-5
Added Pin To Net: NetName=CAN_L Pin=U7-6
Added Pin To Net: NetName=CAN_H Pin=U7-7
Added Pin To Net: NetName=GND_D Pin=U7-8
Added Pin To Net: NetName=GND_D Pin=U8-1
Added Pin To Net: NetName=NetC14_1 Pin=U8-2
Added Pin To Net: NetName=GND_D Pin=U8-3
Added Pin To Net: NetName=FUNC2 Pin=U8-4
Added Pin To Net: NetName=VCC_3V3 Pin=U8-5
Added Pin To Net: NetName=NetC3_2 Pin=Y1-1
Added Pin To Net: NetName=NetC4_2 Pin=Y1-2
Added Member To Class: ClassName=RES Receiver19D Member=Component C1 Cap vol
Added Member To Class: ClassName=RES Receiver19D Member=Component C2 Cap vol
Added Member To Class: ClassName=RES Receiver19D Member=Component C3 Cap vol
Added Member To Class: ClassName=RES Receiver19D Member=Component C4 Cap vol
Added Member To Class: ClassName=RES Receiver19D Member=Component C5 Cap vol
Added Member To Class: ClassName=RES Receiver19D Member=Component C6 Cap vol
Added Member To Class: ClassName=RES Receiver19D Member=Component C7 Cap vol
Added Member To Class: ClassName=RES Receiver19D Member=Component C8 Cap vol
Added Member To Class: ClassName=RES Receiver19D Member=Component C10 Cap vol
Added Member To Class: ClassName=RES Receiver19D Member=Component C11 Cap vol
Added Member To Class: ClassName=RES Receiver19D Member=Component C12 Cap vol
Added Member To Class: ClassName=RES Receiver19D Member=Component C13 Cap vol
Added Member To Class: ClassName=RES Receiver19D Member=Component C14 Cap vol
Added Member To Class: ClassName=RES Receiver19D Member=Component C15 Cap vol
Added Member To Class: ClassName=RES Receiver19D Member=Component C16 Cap vol
Added Member To Class: ClassName=RES Receiver19D Member=Component C17 Cap vol
Added Member To Class: ClassName=RES Receiver19D Member=Component D1 SS34
Added Member To Class: ClassName=RES Receiver19D Member=Component D2 Color
Added Member To Class: ClassName=RES Receiver19D Member=Component D3 SS14
Added Member To Class: ClassName=RES Receiver19D Member=Component D4 Color
Added Member To Class: ClassName=RES Receiver19D Member=Component D5 Color
Added Member To Class: ClassName=RES Receiver19D Member=Component D6 Color
Added Member To Class: ClassName=RES Receiver19D Member=Component D7 Color
Added Member To Class: ClassName=RES Receiver19D Member=Component J1 WAGO250_5.0_2P
Added Member To Class: ClassName=RES Receiver19D Member=Component K1 Coil Voltage
Added Member To Class: ClassName=RES Receiver19D Member=Component K2 Key
Added Member To Class: ClassName=RES Receiver19D Member=Component L1 Inductor
Added Member To Class: ClassName=RES Receiver19D Member=Component P1 JAE_MX340_16
Added Member To Class: ClassName=RES Receiver19D Member=Component Q1 NPN
Added Member To Class: ClassName=RES Receiver19D Member=Component R1 Res
Added Member To Class: ClassName=RES Receiver19D Member=Component R2 Res
Added Member To Class: ClassName=RES Receiver19D Member=Component R3 Res
Added Member To Class: ClassName=RES Receiver19D Member=Component R4 Res
Added Member To Class: ClassName=RES Receiver19D Member=Component R5 Res
Added Member To Class: ClassName=RES Receiver19D Member=Component R6 Res
Added Member To Class: ClassName=RES Receiver19D Member=Component R7 Res
Added Member To Class: ClassName=RES Receiver19D Member=Component R8 Res
Added Member To Class: ClassName=RES Receiver19D Member=Component R9 Res
Added Member To Class: ClassName=RES Receiver19D Member=Component R10 Res
Added Member To Class: ClassName=RES Receiver19D Member=Component R11 Res
Added Member To Class: ClassName=RES Receiver19D Member=Component R12 Res
Added Member To Class: ClassName=RES Receiver19D Member=Component R13 Res
Added Member To Class: ClassName=RES Receiver19D Member=Component R14 Res
Added Member To Class: ClassName=RES Receiver19D Member=Component R15 Res
Added Member To Class: ClassName=RES Receiver19D Member=Component R16 Res
Added Member To Class: ClassName=RES Receiver19D Member=Component R17 Res
Added Member To Class: ClassName=RES Receiver19D Member=Component R18 Res
Added Member To Class: ClassName=RES Receiver19D Member=Component R19 Res
Added Member To Class: ClassName=RES Receiver19D Member=Component U1 STM32F103C8T6
Added Member To Class: ClassName=RES Receiver19D Member=Component U2 DM02-5V
Added Member To Class: ClassName=RES Receiver19D Member=Component U3 EL817
Added Member To Class: ClassName=RES Receiver19D Member=Component U4 AMS1117-3.3
Added Member To Class: ClassName=RES Receiver19D Member=Component U5 USART_Module
Added Member To Class: ClassName=RES Receiver19D Member=Component U6 SN74AHC1G125
Added Member To Class: ClassName=RES Receiver19D Member=Component U7 TJA1040T
Added Member To Class: ClassName=RES Receiver19D Member=Component U8 SN74AHC1G125
Added Member To Class: ClassName=RES Receiver19D Member=Component Y1 Freq
Added Room: Name=RES Receiver19D
