Added Component: Designator=D8(DO-214)
Added Component: Designator=D9(LED_0805)
Added Component: Designator=J2(WAGO250_5.0_2P)
Added Component: Designator=K3(Telecom Relay)
Added Component: Designator=Q2(SOT23-3)
Added Component: Designator=R20(R 0805)
Added Component: Designator=R21(R 0805)
Added Component: Designator=R22(R 0805)
Added Component: Designator=R23(R 0805)
Added Component: Designator=U9(SOP4)
Added Pin To Net: NetName=VCC_5V Pin=D8-2
Added Pin To Net: NetName=VCC_5V Pin=K3-8
Added Pin To Net: NetName=GND_D Pin=Q2-2
Added Pin To Net: NetName=VCC_5V Pin=R20-1
Added Pin To Net: NetName=VCC_3V3 Pin=R21-1
Added Pin To Net: NetName=GND_D Pin=R23-1
Added Pin To Net: NetName=VCC_5V Pin=U9-4
Added Pin To Net: NetName=NetD8_1 Pin=D8-1
Added Pin To Net: NetName=NetD8_1 Pin=D9-2
Added Pin To Net: NetName=NetD8_1 Pin=K3-1
Added Pin To Net: NetName=NetD8_1 Pin=Q2-3
Added Net: Name=NetD8_1
Added Pin To Net: NetName=NetD9_1 Pin=D9-1
Added Pin To Net: NetName=NetD9_1 Pin=R20-2
Added Net: Name=NetD9_1
Added Pin To Net: NetName=NetJ2_1 Pin=J2-1
Added Pin To Net: NetName=NetJ2_1 Pin=K3-3
Added Pin To Net: NetName=NetJ2_1 Pin=K3-6
Added Net: Name=NetJ2_1
Added Pin To Net: NetName=NetJ2_2 Pin=J2-2
Added Pin To Net: NetName=NetJ2_2 Pin=K3-4
Added Pin To Net: NetName=NetJ2_2 Pin=K3-5
Added Net: Name=NetJ2_2
Added Pin To Net: NetName=NetQ2_1 Pin=Q2-1
Added Pin To Net: NetName=NetQ2_1 Pin=R22-1
Added Net: Name=NetQ2_1
Added Pin To Net: NetName=NetR21_2 Pin=R21-2
Added Pin To Net: NetName=NetR21_2 Pin=U9-1
Added Net: Name=NetR21_2
Added Pin To Net: NetName=NetR22_2 Pin=R22-2
Added Pin To Net: NetName=NetR22_2 Pin=R23-2
Added Pin To Net: NetName=NetR22_2 Pin=U9-3
Added Net: Name=NetR22_2
Added Pin To Net: NetName=SAFETY CIRCLE1 Pin=U1-46
Added Pin To Net: NetName=SAFETY CIRCLE1 Pin=U3-2
Added Net: Name=SAFETY CIRCLE1
Added Pin To Net: NetName=SAFETY CIRCLE2 Pin=U1-45
Added Pin To Net: NetName=SAFETY CIRCLE2 Pin=U9-2
Added Net: Name=SAFETY CIRCLE2
Added Member To Class: ClassName=RES Receiver19D Member=Component D8 SS14
Added Member To Class: ClassName=RES Receiver19D Member=Component D9 Color
Added Member To Class: ClassName=RES Receiver19D Member=Component J2 WAGO250_5.0_2P
Added Member To Class: ClassName=RES Receiver19D Member=Component K3 Coil Voltage
Added Member To Class: ClassName=RES Receiver19D Member=Component Q2 NPN
Added Member To Class: ClassName=RES Receiver19D Member=Component R20 Res
Added Member To Class: ClassName=RES Receiver19D Member=Component R21 Res
Added Member To Class: ClassName=RES Receiver19D Member=Component R22 Res
Added Member To Class: ClassName=RES Receiver19D Member=Component R23 Res
Added Member To Class: ClassName=RES Receiver19D Member=Component U9 EL817
Added Room: Name=RES Receiver19D
