Removed Pin From Net: NetName=SCL Pin=U2-13
Removed Pin From Net: NetName=SDA Pin=U2-14
Removed Pin From Net: NetName=BEEP Pin=U2-16
Removed Pin From Net: NetName=SWITCH_KEY Pin=U2-25
Removed Pin From Net: NetName=GO_KEY Pin=U2-26
Removed Pin From Net: NetName=STOP_KEY Pin=U2-27
Removed Pin From Net: NetName=GREEN Pin=U2-38
Removed Pin From Net: NetName=YELLOW Pin=U2-39
Removed Pin From Net: NetName=BLUE Pin=U2-40
Removed Pin From Net: NetName=RED Pin=U2-41
Added Pin To Net: NetName=SDA Pin=U2-13
Added Pin To Net: NetName=SCL Pin=U2-14
Added Pin To Net: NetName=RED Pin=U2-15
Added Pin To Net: NetName=BLUE Pin=U2-16
Added Pin To Net: NetName=BEEP Pin=U2-25
Added Pin To Net: NetName=GREEN Pin=U2-26
Added Pin To Net: NetName=YELLOW Pin=U2-27
Added Pin To Net: NetName=SWITCH_KEY Pin=U2-39
Added Pin To Net: NetName=GO_KEY Pin=U2-40
Added Pin To Net: NetName=STOP_KEY Pin=U2-41
Added Room: Name=23D_RES_Transmitter
