Added Component: Designator=C?(C 0805)
Added Component: Designator=C?(C 0805)
Added Component: Designator=C?(C 0805)
Added Component: Designator=C?(C 0805)
Added Component: Designator=C?(C 0805)
Added Component: Designator=C?(C 0805)
Added Component: Designator=C?(C 0805)
Added Component: Designator=K?(KEY 3.6*2.5 SMD)
Added Component: Designator=L?(L 0805)
Added Component: Designator=R?(R 0805)
Added Component: Designator=R?(R 0805)
Added Component: Designator=R?(R 0805)
Added Component: Designator=U?(LQFP48)
Added Component: Designator=Y?(XTAL-5032)
Added Pin To Net: NetName=VCC3V3 Pin=C?-1
Added Pin To Net: NetName=NetC?_2 Pin=C?-2
Added Pin To Net: NetName=RESET Pin=C?-2
Added Pin To Net: NetName=VCC3V3 Pin=C?-2
Added Pin To Net: NetName=VCC3V3 Pin=C?-2
Added Pin To Net: NetName=RESET Pin=K?-2
Added Pin To Net: NetName=VCC3V3 Pin=L?-1
Added Pin To Net: NetName=NetR?_1 Pin=R?-1
Added Pin To Net: NetName=VCC3V3 Pin=R?-1
Added Pin To Net: NetName=NetR?_2 Pin=R?-2
Added Pin To Net: NetName=RESET Pin=R?-2
Added Pin To Net: NetName=NetC?_2 Pin=U?-6
Added Pin To Net: NetName=RESET Pin=U?-7
Added Pin To Net: NetName=NetR?_2 Pin=U?-20
Added Pin To Net: NetName=VCC3V3 Pin=U?-24
Added Pin To Net: NetName=SWDIO Pin=U?-34
Added Pin To Net: NetName=VCC3V3 Pin=U?-36
Added Pin To Net: NetName=SWCLK Pin=U?-37
Added Pin To Net: NetName=NetR?_1 Pin=U?-44
Added Pin To Net: NetName=VCC3V3 Pin=U?-48
Added Pin To Net: NetName=NetC?_2 Pin=Y?-1
Added Pin To Net: NetName=+ Pin=U?-30
Added Net: Name=+
Added Pin To Net: NetName=- Pin=U?-31
Added Net: Name=-
Added Pin To Net: NetName=GND_A Pin=C?-2
Added Pin To Net: NetName=GND_A Pin=U?-8
Added Net: Name=GND_A
Added Pin To Net: NetName=GND Pin=C?-1
Added Pin To Net: NetName=GND Pin=C?-1
Added Pin To Net: NetName=GND Pin=C?-1
Added Pin To Net: NetName=GND Pin=C?-1
Added Pin To Net: NetName=GND Pin=C?-2
Added Pin To Net: NetName=GND Pin=C?-2
Added Pin To Net: NetName=GND Pin=K?-1
Added Pin To Net: NetName=GND Pin=R?-1
Added Pin To Net: NetName=GND Pin=R?-2
Added Pin To Net: NetName=GND Pin=U?-23
Added Pin To Net: NetName=GND Pin=U?-35
Added Pin To Net: NetName=GND Pin=U?-47
Added Net: Name=GND
Added Pin To Net: NetName=L_KEY_DOWN Pin=U?-43
Added Net: Name=L_KEY_DOWN
Added Pin To Net: NetName=L_KEY_LEFT Pin=U?-42
Added Net: Name=L_KEY_LEFT
Added Pin To Net: NetName=L_KEY_RIGHT Pin=U?-2
Added Net: Name=L_KEY_RIGHT
Added Pin To Net: NetName=L_KEY_UP Pin=U?-41
Added Net: Name=L_KEY_UP
Added Pin To Net: NetName=L_X Pin=U?-14
Added Net: Name=L_X
Added Pin To Net: NetName=L_Y Pin=U?-12
Added Net: Name=L_Y
Added Pin To Net: NetName=LED1 Pin=U?-17
Added Net: Name=LED1
Added Pin To Net: NetName=LSW Pin=U?-40
Added Net: Name=LSW
Added Pin To Net: NetName=L Pin=U?-39
Added Net: Name=L
Added Pin To Net: NetName=NetC?_1 Pin=C?-1
Added Pin To Net: NetName=NetC?_1 Pin=L?-2
Added Pin To Net: NetName=NetC?_1 Pin=U?-9
Added Net: Name=NetC?_1
Added Pin To Net: NetName=R_KEY_DOWN Pin=U?-15
Added Net: Name=R_KEY_DOWN
Added Pin To Net: NetName=R_KEY_LEFT Pin=U?-26
Added Net: Name=R_KEY_LEFT
Added Pin To Net: NetName=R_KEY_RIGHT Pin=U?-25
Added Net: Name=R_KEY_RIGHT
Added Pin To Net: NetName=R_KEY_UP Pin=U?-27
Added Net: Name=R_KEY_UP
Added Pin To Net: NetName=R_X Pin=U?-16
Added Net: Name=R_X
Added Pin To Net: NetName=R_Y Pin=U?-18
Added Net: Name=R_Y
Added Pin To Net: NetName=RSW Pin=U?-3
Added Net: Name=RSW
Added Pin To Net: NetName=R Pin=U?-28
Added Net: Name=R
Added Pin To Net: NetName=USB_DM Pin=U?-32
Added Net: Name=USB_DM
Added Pin To Net: NetName=USB_DP Pin=U?-33
Added Net: Name=USB_DP
Added Pin To Net: NetName=XBOX Pin=U?-46
Added Net: Name=XBOX
Added Pin To Net: NetName=ZL Pin=U?-38
Added Net: Name=ZL
Added Pin To Net: NetName=ZR Pin=U?-29
Added Net: Name=ZR
Added Member To Class: ClassName=23D_RES_Transmitter Member=Component C? 104
Added Member To Class: ClassName=23D_RES_Transmitter Member=Component C? 104
Added Member To Class: ClassName=23D_RES_Transmitter Member=Component C? 104
Added Member To Class: ClassName=23D_RES_Transmitter Member=Component C? 104
Added Member To Class: ClassName=23D_RES_Transmitter Member=Component C? 22pf
Added Member To Class: ClassName=23D_RES_Transmitter Member=Component C? 22pf
Added Member To Class: ClassName=23D_RES_Transmitter Member=Component C? 104
Added Member To Class: ClassName=23D_RES_Transmitter Member=Component K? Key
Added Member To Class: ClassName=23D_RES_Transmitter Member=Component L? 47uH
Added Member To Class: ClassName=23D_RES_Transmitter Member=Component R? 10k
Added Member To Class: ClassName=23D_RES_Transmitter Member=Component R? 10K
Added Member To Class: ClassName=23D_RES_Transmitter Member=Component R? 10K
Added Member To Class: ClassName=23D_RES_Transmitter Member=Component U? STM32F103C8T6
Added Member To Class: ClassName=23D_RES_Transmitter Member=Component Y? 8M
Added Room: Name=23D_RES_Transmitter
