Added Net: Name=ADC
Added Net: Name=GND_D
Added Net: Name=KEY1
Added Net: Name=KEY2
Added Net: Name=LED_1
Added Net: Name=LED_2
Added Net: Name=LED_3
Added Net: Name=LED_4
Added Net: Name=LED_5
Added Net: Name=LED_6
Added Net: Name=LED_7
Added Net: Name=LED_8
Added Net: Name=NetC?_2
Added Net: Name=NetR?_1
Added Net: Name=NetR?_2
Added Net: Name=RESET
Added Net: Name=SWCLK
Added Net: Name=SWDIO
Added Net: Name=UART1_RX
Added Net: Name=UART1_TX
Added Net: Name=VCC3V3
Added Class: Name=23D_RES_Transmitter
Added Room: Name=23D_RES_Transmitter
