Added Component: Designator=BUZ?(BUZ-TH_BD9.0-P5.00-D0.6-FD)
Added Component: Designator=C?(C 0805)
Added Component: Designator=C?(C 0805)
Added Component: Designator=C?(C 0805)
Added Component: Designator=C?(C 0805)
Added Component: Designator=C?(C 0805)
Added Component: Designator=C?(CD B(3528))
Added Component: Designator=C?(CD B(3528))
Added Component: Designator=D?(LL34)
Added Component: Designator=D?(DO-214)
Added Component: Designator=J?(XH2.54_2P)
Added Component: Designator=J?(XH2.54_2P)
Added Component: Designator=J?(XH2.54_2P)
Added Component: Designator=J?(XH2.54_2P)
Added Component: Designator=J?(XH2.54_4P)
Added Component: Designator=P?(HDR2.54-M-LI-4P)
Added Component: Designator=Q?(SOT23-3)
Added Component: Designator=Q?(SOT23-3)
Added Component: Designator=Q?(SOT23-3)
Added Component: Designator=Q?(SOT23-3)
Added Component: Designator=Q(SOT23-3)
Added Component: Designator=R?(R 0805)
Added Component: Designator=R?(R 0805)
Added Component: Designator=R?(R 0805)
Added Component: Designator=R?(R 0805)
Added Component: Designator=R?(R 0805)
Added Component: Designator=R?(R 0805)
Added Component: Designator=R?(R 0805)
Added Component: Designator=R?(R 0805)
Added Component: Designator=R?(R 0805)
Added Component: Designator=R?(R 0805)
Added Component: Designator=R?(R 0805)
Added Component: Designator=R?(R 0805)
Added Component: Designator=R?(R 0805)
Added Component: Designator=R?(R 0805)
Added Component: Designator=R?(R 0805)
Added Component: Designator=R?(R 0805)
Added Component: Designator=R?(R 0805)
Added Component: Designator=U?(SOT23-5)
Added Component: Designator=U?(SOT23-5)
Added Component: Designator=U?(SOT23-5)
Added Component: Designator=U?(SOT223)
Added Component: Designator=U?(DM02)
Added Component: Designator=U?(WIRELM-TH_E32-TTL-1W)
Added Pin To Net: NetName=SWDIO Pin=P?-2
Added Pin To Net: NetName=SWCLK Pin=P?-3
Added Pin To Net: NetName=SWCLK Pin=R?-1
Added Pin To Net: NetName=GND_A Pin=R?-2
Added Pin To Net: NetName=SWDIO Pin=R?-2
Added Pin To Net: NetName=1 Pin=Q-1
Added Net: Name=1
Added Pin To Net: NetName=2 Pin=Q-3
Added Net: Name=2
Added Pin To Net: NetName=3 Pin=Q-2
Added Net: Name=3
Added Pin To Net: NetName=ADC Pin=D?-1
Added Pin To Net: NetName=ADC Pin=R?-1
Added Pin To Net: NetName=ADC Pin=R?-2
Added Net: Name=ADC
Added Pin To Net: NetName=AUX Pin=U?-5
Added Net: Name=AUX
Added Pin To Net: NetName=BLUE_PIN Pin=Q?-3
Added Net: Name=BLUE_PIN
Added Pin To Net: NetName=BLUE Pin=R?-1
Added Net: Name=BLUE
Added Pin To Net: NetName=GND_D Pin=C?-1
Added Pin To Net: NetName=GND_D Pin=C?-1
Added Pin To Net: NetName=GND_D Pin=C?-1
Added Pin To Net: NetName=GND_D Pin=C?-2
Added Pin To Net: NetName=GND_D Pin=C?-2
Added Pin To Net: NetName=GND_D Pin=C?-2
Added Pin To Net: NetName=GND_D Pin=C?-2
Added Pin To Net: NetName=GND_D Pin=J?-1
Added Pin To Net: NetName=GND_D Pin=J?-1
Added Pin To Net: NetName=GND_D Pin=J?-1
Added Pin To Net: NetName=GND_D Pin=J?-4
Added Pin To Net: NetName=GND_D Pin=P?-4
Added Pin To Net: NetName=GND_D Pin=Q?-2
Added Pin To Net: NetName=GND_D Pin=Q?-2
Added Pin To Net: NetName=GND_D Pin=Q?-2
Added Pin To Net: NetName=GND_D Pin=Q?-2
Added Pin To Net: NetName=GND_D Pin=R?-1
Added Pin To Net: NetName=GND_D Pin=R?-2
Added Pin To Net: NetName=GND_D Pin=R?-2
Added Pin To Net: NetName=GND_D Pin=R?-2
Added Pin To Net: NetName=GND_D Pin=U?-1
Added Pin To Net: NetName=GND_D Pin=U?-3
Added Pin To Net: NetName=GND_D Pin=U?-3
Added Pin To Net: NetName=GND_D Pin=U?-3
Added Pin To Net: NetName=GND_D Pin=U?-3
Added Pin To Net: NetName=GND_D Pin=U?-3
Added Pin To Net: NetName=GND_D Pin=U?-4
Added Pin To Net: NetName=GND_D Pin=U?-4
Added Pin To Net: NetName=GND_D Pin=U?-5
Added Pin To Net: NetName=GND_D Pin=U?-5
Added Pin To Net: NetName=GND_D Pin=U?-6
Added Pin To Net: NetName=GND_D Pin=U?-6
Added Pin To Net: NetName=GND_D Pin=U?-7
Added Net: Name=GND_D
Added Pin To Net: NetName=GO_KEY Pin=U?-4
Added Net: Name=GO_KEY
Added Pin To Net: NetName=GREEN_PIN Pin=Q?-3
Added Net: Name=GREEN_PIN
Added Pin To Net: NetName=GREEN Pin=R?-1
Added Net: Name=GREEN
Added Pin To Net: NetName=M0 Pin=U?-1
Added Net: Name=M0
Added Pin To Net: NetName=M1 Pin=U?-2
Added Net: Name=M1
Added Pin To Net: NetName=NetD?_1 Pin=D?-1
Added Pin To Net: NetName=NetD?_1 Pin=J?-2
Added Net: Name=NetD?_1
Added Pin To Net: NetName=NetJ?_1 Pin=J?-1
Added Pin To Net: NetName=NetJ?_1 Pin=R?-1
Added Net: Name=NetJ?_1
Added Pin To Net: NetName=NetJ?_2 Pin=J?-2
Added Pin To Net: NetName=NetJ?_2 Pin=R?-2
Added Net: Name=NetJ?_2
Added Pin To Net: NetName=NetQ?_1 Pin=Q?-1
Added Pin To Net: NetName=NetQ?_1 Pin=R?-2
Added Net: Name=NetQ?_1
Added Pin To Net: NetName=RED_PIN Pin=Q?-3
Added Net: Name=RED_PIN
Added Pin To Net: NetName=RED Pin=R?-1
Added Net: Name=RED
Added Pin To Net: NetName=SCL Pin=J?-2
Added Net: Name=SCL
Added Pin To Net: NetName=SDA Pin=J?-1
Added Net: Name=SDA
Added Pin To Net: NetName=STOP_KEY Pin=U?-4
Added Net: Name=STOP_KEY
Added Pin To Net: NetName=SWITCH_KEY Pin=U?-4
Added Net: Name=SWITCH_KEY
Added Pin To Net: NetName=USART_RX Pin=U?-4
Added Net: Name=USART_RX
Added Pin To Net: NetName=USART_TX Pin=U?-3
Added Net: Name=USART_TX
Added Pin To Net: NetName=VCC_3V3 Pin=C?-1
Added Pin To Net: NetName=VCC_3V3 Pin=C?-1
Added Pin To Net: NetName=VCC_3V3 Pin=D?-2
Added Pin To Net: NetName=VCC_3V3 Pin=P?-1
Added Pin To Net: NetName=VCC_3V3 Pin=R?-1
Added Pin To Net: NetName=VCC_3V3 Pin=R?-2
Added Pin To Net: NetName=VCC_3V3 Pin=R?-2
Added Pin To Net: NetName=VCC_3V3 Pin=R?-2
Added Pin To Net: NetName=VCC_3V3 Pin=U?-2
Added Pin To Net: NetName=VCC_3V3 Pin=U?-2
Added Pin To Net: NetName=VCC_3V3 Pin=U?-5
Added Pin To Net: NetName=VCC_3V3 Pin=U?-5
Added Pin To Net: NetName=VCC_3V3 Pin=U?-5
Added Net: Name=VCC_3V3
Added Pin To Net: NetName=VCC_5V Pin=C?-1
Added Pin To Net: NetName=VCC_5V Pin=C?-1
Added Pin To Net: NetName=VCC_5V Pin=J?-3
Added Pin To Net: NetName=VCC_5V Pin=U?-1
Added Pin To Net: NetName=VCC_5V Pin=U?-1
Added Pin To Net: NetName=VCC_5V Pin=U?-2
Added Pin To Net: NetName=VCC_5V Pin=U?-2
Added Pin To Net: NetName=VCC_5V Pin=U?-3
Added Pin To Net: NetName=VCC_5V Pin=U?-6
Added Net: Name=VCC_5V
Added Pin To Net: NetName=VCC Pin=D?-2
Added Pin To Net: NetName=VCC Pin=R?-1
Added Pin To Net: NetName=VCC Pin=U?-7
Added Pin To Net: NetName=VCC Pin=U?-7
Added Pin To Net: NetName=VCC Pin=U?-8
Added Pin To Net: NetName=VCC Pin=U?-8
Added Net: Name=VCC
Added Pin To Net: NetName=YELLOW_PIN Pin=Q?-3
Added Net: Name=YELLOW_PIN
Added Pin To Net: NetName=YELLOW Pin=R?-1
Added Net: Name=YELLOW
Added Member To Class: ClassName=23D_RES_Transmitter Member=Component BUZ? ·äÃùÆ÷
Added Member To Class: ClassName=23D_RES_Transmitter Member=Component C? 104
Added Member To Class: ClassName=23D_RES_Transmitter Member=Component C? 104
Added Member To Class: ClassName=23D_RES_Transmitter Member=Component C? 104
Added Member To Class: ClassName=23D_RES_Transmitter Member=Component C? 104
Added Member To Class: ClassName=23D_RES_Transmitter Member=Component C? 10uF
Added Member To Class: ClassName=23D_RES_Transmitter Member=Component C? 10uF
Added Member To Class: ClassName=23D_RES_Transmitter Member=Component C? 104
Added Member To Class: ClassName=23D_RES_Transmitter Member=Component C? 104
Added Member To Class: ClassName=23D_RES_Transmitter Member=Component C? 104
Added Member To Class: ClassName=23D_RES_Transmitter Member=Component C? 104
Added Member To Class: ClassName=23D_RES_Transmitter Member=Component C? 22pf
Added Member To Class: ClassName=23D_RES_Transmitter Member=Component C? 22pf
Added Member To Class: ClassName=23D_RES_Transmitter Member=Component C? 104
Added Member To Class: ClassName=23D_RES_Transmitter Member=Component D? LL4148
Added Member To Class: ClassName=23D_RES_Transmitter Member=Component D? SS34
Added Member To Class: ClassName=23D_RES_Transmitter Member=Component J? XH2.54_2P
Added Member To Class: ClassName=23D_RES_Transmitter Member=Component J? XH2.54_2P
Added Member To Class: ClassName=23D_RES_Transmitter Member=Component J? XH2.54_2P
Added Member To Class: ClassName=23D_RES_Transmitter Member=Component J? XH2.54_2P
Added Member To Class: ClassName=23D_RES_Transmitter Member=Component J? XH2.54_4P
Added Member To Class: ClassName=23D_RES_Transmitter Member=Component P? ÅÅÄ¸1*4
Added Member To Class: ClassName=23D_RES_Transmitter Member=Component Q? Model
Added Member To Class: ClassName=23D_RES_Transmitter Member=Component Q? Model
Added Member To Class: ClassName=23D_RES_Transmitter Member=Component Q? Model
Added Member To Class: ClassName=23D_RES_Transmitter Member=Component Q? Model
Added Member To Class: ClassName=23D_RES_Transmitter Member=Component Q Model
Added Member To Class: ClassName=23D_RES_Transmitter Member=Component R? 0R
Added Member To Class: ClassName=23D_RES_Transmitter Member=Component R? 0R
Added Member To Class: ClassName=23D_RES_Transmitter Member=Component R? 10K
Added Member To Class: ClassName=23D_RES_Transmitter Member=Component R? 10K
Added Member To Class: ClassName=23D_RES_Transmitter Member=Component R? 5.1K
Added Member To Class: ClassName=23D_RES_Transmitter Member=Component R? 100R
Added Member To Class: ClassName=23D_RES_Transmitter Member=Component R? 10k
Added Member To Class: ClassName=23D_RES_Transmitter Member=Component R? 10K
Added Member To Class: ClassName=23D_RES_Transmitter Member=Component R? 10K
Added Member To Class: ClassName=23D_RES_Transmitter Member=Component R? 0R
Added Member To Class: ClassName=23D_RES_Transmitter Member=Component R? 0R
Added Member To Class: ClassName=23D_RES_Transmitter Member=Component R? 0R
Added Member To Class: ClassName=23D_RES_Transmitter Member=Component R? 0R
Added Member To Class: ClassName=23D_RES_Transmitter Member=Component R? 0R
Added Member To Class: ClassName=23D_RES_Transmitter Member=Component R? 3.9K
Added Member To Class: ClassName=23D_RES_Transmitter Member=Component R? 6.2K
Added Member To Class: ClassName=23D_RES_Transmitter Member=Component R? 100R
Added Member To Class: ClassName=23D_RES_Transmitter Member=Component R? 5.1K
Added Member To Class: ClassName=23D_RES_Transmitter Member=Component R? 100R
Added Member To Class: ClassName=23D_RES_Transmitter Member=Component U? SN74LVC1G14
Added Member To Class: ClassName=23D_RES_Transmitter Member=Component U? SN74LVC1G14
Added Member To Class: ClassName=23D_RES_Transmitter Member=Component U? SN74LVC1G14
Added Member To Class: ClassName=23D_RES_Transmitter Member=Component U? AMS1117-XX
Added Member To Class: ClassName=23D_RES_Transmitter Member=Component U? DM02-XX
Added Member To Class: ClassName=23D_RES_Transmitter Member=Component U? STM32F103C8T6
Added Room: Name=23D_RES_Transmitter
